<?xml version="1.0" encoding="UTF-8"?>
<!-- Generated by org.testng.reporters.JUnitReportReporter -->
<testsuite skipped="0" hostname="ATMECSINLT-492" name="com.testScript.FlipkartTest" tests="1" failures="0" timestamp="2021-04-16T11:14:25 IST" time="85.843" errors="0">
  <testcase name="m1" time="85.843" classname="com.testScript.FlipkartTest"/>
  <system-out/>
</testsuite> <!-- com.testScript.FlipkartTest -->
